Aug 24 2022 23:10:07
{"type":8192,"message":"Return type of Ai1wm_Recursive_Newline_Filter::accept() should either be compatible with FilterIterator::accept(): bool, or the #[\\ReturnTypeWillChange] attribute should be used to temporarily suppress the notice","file":"C:\\xampp\\htdocs\\singleportfolio\\wp-content\\plugins\\all-in-one-wp-migration\\lib\\vendor\\servmask\\filter\\class-ai1wm-recursive-newline-filter.php","line":28}

Aug 24 2022 23:10:08
{"type":8192,"message":"Return type of Ai1wm_Recursive_Newline_Filter::accept() should either be compatible with FilterIterator::accept(): bool, or the #[\\ReturnTypeWillChange] attribute should be used to temporarily suppress the notice","file":"C:\\xampp\\htdocs\\singleportfolio\\wp-content\\plugins\\all-in-one-wp-migration\\lib\\vendor\\servmask\\filter\\class-ai1wm-recursive-newline-filter.php","line":28}

Aug 24 2022 23:10:09
{"type":8192,"message":"Return type of Ai1wm_Recursive_Newline_Filter::accept() should either be compatible with FilterIterator::accept(): bool, or the #[\\ReturnTypeWillChange] attribute should be used to temporarily suppress the notice","file":"C:\\xampp\\htdocs\\singleportfolio\\wp-content\\plugins\\all-in-one-wp-migration\\lib\\vendor\\servmask\\filter\\class-ai1wm-recursive-newline-filter.php","line":28}

Aug 24 2022 23:10:10
{"type":8192,"message":"Return type of Ai1wm_Recursive_Newline_Filter::accept() should either be compatible with FilterIterator::accept(): bool, or the #[\\ReturnTypeWillChange] attribute should be used to temporarily suppress the notice","file":"C:\\xampp\\htdocs\\singleportfolio\\wp-content\\plugins\\all-in-one-wp-migration\\lib\\vendor\\servmask\\filter\\class-ai1wm-recursive-newline-filter.php","line":28}

Aug 24 2022 23:10:10
{"type":8192,"message":"Return type of Ai1wm_Recursive_Newline_Filter::accept() should either be compatible with FilterIterator::accept(): bool, or the #[\\ReturnTypeWillChange] attribute should be used to temporarily suppress the notice","file":"C:\\xampp\\htdocs\\singleportfolio\\wp-content\\plugins\\all-in-one-wp-migration\\lib\\vendor\\servmask\\filter\\class-ai1wm-recursive-newline-filter.php","line":28}

Aug 24 2022 23:10:11
{"type":8192,"message":"Return type of Ai1wm_Recursive_Newline_Filter::accept() should either be compatible with FilterIterator::accept(): bool, or the #[\\ReturnTypeWillChange] attribute should be used to temporarily suppress the notice","file":"C:\\xampp\\htdocs\\singleportfolio\\wp-content\\plugins\\all-in-one-wp-migration\\lib\\vendor\\servmask\\filter\\class-ai1wm-recursive-newline-filter.php","line":28}

Aug 24 2022 23:10:12
{"type":8192,"message":"Return type of Ai1wm_Recursive_Newline_Filter::accept() should either be compatible with FilterIterator::accept(): bool, or the #[\\ReturnTypeWillChange] attribute should be used to temporarily suppress the notice","file":"C:\\xampp\\htdocs\\singleportfolio\\wp-content\\plugins\\all-in-one-wp-migration\\lib\\vendor\\servmask\\filter\\class-ai1wm-recursive-newline-filter.php","line":28}

Aug 24 2022 23:10:12
{"type":8192,"message":"Return type of Ai1wm_Recursive_Newline_Filter::accept() should either be compatible with FilterIterator::accept(): bool, or the #[\\ReturnTypeWillChange] attribute should be used to temporarily suppress the notice","file":"C:\\xampp\\htdocs\\singleportfolio\\wp-content\\plugins\\all-in-one-wp-migration\\lib\\vendor\\servmask\\filter\\class-ai1wm-recursive-newline-filter.php","line":28}

Aug 24 2022 23:10:13
{"type":8192,"message":"Return type of Ai1wm_Recursive_Newline_Filter::accept() should either be compatible with FilterIterator::accept(): bool, or the #[\\ReturnTypeWillChange] attribute should be used to temporarily suppress the notice","file":"C:\\xampp\\htdocs\\singleportfolio\\wp-content\\plugins\\all-in-one-wp-migration\\lib\\vendor\\servmask\\filter\\class-ai1wm-recursive-newline-filter.php","line":28}

Aug 24 2022 23:10:14
{"type":8192,"message":"Return type of Ai1wm_Recursive_Newline_Filter::accept() should either be compatible with FilterIterator::accept(): bool, or the #[\\ReturnTypeWillChange] attribute should be used to temporarily suppress the notice","file":"C:\\xampp\\htdocs\\singleportfolio\\wp-content\\plugins\\all-in-one-wp-migration\\lib\\vendor\\servmask\\filter\\class-ai1wm-recursive-newline-filter.php","line":28}

Aug 24 2022 23:10:14
{"type":8192,"message":"Return type of Ai1wm_Recursive_Newline_Filter::accept() should either be compatible with FilterIterator::accept(): bool, or the #[\\ReturnTypeWillChange] attribute should be used to temporarily suppress the notice","file":"C:\\xampp\\htdocs\\singleportfolio\\wp-content\\plugins\\all-in-one-wp-migration\\lib\\vendor\\servmask\\filter\\class-ai1wm-recursive-newline-filter.php","line":28}

Aug 24 2022 23:10:15
{"type":8192,"message":"Return type of Ai1wm_Recursive_Newline_Filter::accept() should either be compatible with FilterIterator::accept(): bool, or the #[\\ReturnTypeWillChange] attribute should be used to temporarily suppress the notice","file":"C:\\xampp\\htdocs\\singleportfolio\\wp-content\\plugins\\all-in-one-wp-migration\\lib\\vendor\\servmask\\filter\\class-ai1wm-recursive-newline-filter.php","line":28}

Aug 24 2022 23:10:16
{"type":8192,"message":"Return type of Ai1wm_Recursive_Newline_Filter::accept() should either be compatible with FilterIterator::accept(): bool, or the #[\\ReturnTypeWillChange] attribute should be used to temporarily suppress the notice","file":"C:\\xampp\\htdocs\\singleportfolio\\wp-content\\plugins\\all-in-one-wp-migration\\lib\\vendor\\servmask\\filter\\class-ai1wm-recursive-newline-filter.php","line":28}

Aug 24 2022 23:10:17
{"type":8192,"message":"Return type of Ai1wm_Recursive_Newline_Filter::accept() should either be compatible with FilterIterator::accept(): bool, or the #[\\ReturnTypeWillChange] attribute should be used to temporarily suppress the notice","file":"C:\\xampp\\htdocs\\singleportfolio\\wp-content\\plugins\\all-in-one-wp-migration\\lib\\vendor\\servmask\\filter\\class-ai1wm-recursive-newline-filter.php","line":28}

Aug 24 2022 23:10:17
{"type":8192,"message":"Return type of Ai1wm_Recursive_Newline_Filter::accept() should either be compatible with FilterIterator::accept(): bool, or the #[\\ReturnTypeWillChange] attribute should be used to temporarily suppress the notice","file":"C:\\xampp\\htdocs\\singleportfolio\\wp-content\\plugins\\all-in-one-wp-migration\\lib\\vendor\\servmask\\filter\\class-ai1wm-recursive-newline-filter.php","line":28}

Aug 24 2022 23:10:18
{"type":8192,"message":"Return type of Ai1wm_Recursive_Newline_Filter::accept() should either be compatible with FilterIterator::accept(): bool, or the #[\\ReturnTypeWillChange] attribute should be used to temporarily suppress the notice","file":"C:\\xampp\\htdocs\\singleportfolio\\wp-content\\plugins\\all-in-one-wp-migration\\lib\\vendor\\servmask\\filter\\class-ai1wm-recursive-newline-filter.php","line":28}

Aug 24 2022 23:10:19
{"type":8192,"message":"Return type of Ai1wm_Recursive_Newline_Filter::accept() should either be compatible with FilterIterator::accept(): bool, or the #[\\ReturnTypeWillChange] attribute should be used to temporarily suppress the notice","file":"C:\\xampp\\htdocs\\singleportfolio\\wp-content\\plugins\\all-in-one-wp-migration\\lib\\vendor\\servmask\\filter\\class-ai1wm-recursive-newline-filter.php","line":28}

Aug 24 2022 23:10:19
{"type":8192,"message":"Return type of Ai1wm_Recursive_Newline_Filter::accept() should either be compatible with FilterIterator::accept(): bool, or the #[\\ReturnTypeWillChange] attribute should be used to temporarily suppress the notice","file":"C:\\xampp\\htdocs\\singleportfolio\\wp-content\\plugins\\all-in-one-wp-migration\\lib\\vendor\\servmask\\filter\\class-ai1wm-recursive-newline-filter.php","line":28}

Aug 24 2022 23:10:20
{"type":8192,"message":"Return type of Ai1wm_Recursive_Newline_Filter::accept() should either be compatible with FilterIterator::accept(): bool, or the #[\\ReturnTypeWillChange] attribute should be used to temporarily suppress the notice","file":"C:\\xampp\\htdocs\\singleportfolio\\wp-content\\plugins\\all-in-one-wp-migration\\lib\\vendor\\servmask\\filter\\class-ai1wm-recursive-newline-filter.php","line":28}

Aug 24 2022 23:10:21
{"type":8192,"message":"Return type of Ai1wm_Recursive_Newline_Filter::accept() should either be compatible with FilterIterator::accept(): bool, or the #[\\ReturnTypeWillChange] attribute should be used to temporarily suppress the notice","file":"C:\\xampp\\htdocs\\singleportfolio\\wp-content\\plugins\\all-in-one-wp-migration\\lib\\vendor\\servmask\\filter\\class-ai1wm-recursive-newline-filter.php","line":28}

Aug 24 2022 23:10:21
{"type":8192,"message":"Return type of Ai1wm_Recursive_Newline_Filter::accept() should either be compatible with FilterIterator::accept(): bool, or the #[\\ReturnTypeWillChange] attribute should be used to temporarily suppress the notice","file":"C:\\xampp\\htdocs\\singleportfolio\\wp-content\\plugins\\all-in-one-wp-migration\\lib\\vendor\\servmask\\filter\\class-ai1wm-recursive-newline-filter.php","line":28}

Aug 24 2022 23:10:22
{"type":8192,"message":"Return type of Ai1wm_Recursive_Newline_Filter::accept() should either be compatible with FilterIterator::accept(): bool, or the #[\\ReturnTypeWillChange] attribute should be used to temporarily suppress the notice","file":"C:\\xampp\\htdocs\\singleportfolio\\wp-content\\plugins\\all-in-one-wp-migration\\lib\\vendor\\servmask\\filter\\class-ai1wm-recursive-newline-filter.php","line":28}

Aug 24 2022 23:10:23
{"type":8192,"message":"Return type of Ai1wm_Recursive_Newline_Filter::accept() should either be compatible with FilterIterator::accept(): bool, or the #[\\ReturnTypeWillChange] attribute should be used to temporarily suppress the notice","file":"C:\\xampp\\htdocs\\singleportfolio\\wp-content\\plugins\\all-in-one-wp-migration\\lib\\vendor\\servmask\\filter\\class-ai1wm-recursive-newline-filter.php","line":28}

Aug 24 2022 23:10:23
{"type":8192,"message":"Return type of Ai1wm_Recursive_Newline_Filter::accept() should either be compatible with FilterIterator::accept(): bool, or the #[\\ReturnTypeWillChange] attribute should be used to temporarily suppress the notice","file":"C:\\xampp\\htdocs\\singleportfolio\\wp-content\\plugins\\all-in-one-wp-migration\\lib\\vendor\\servmask\\filter\\class-ai1wm-recursive-newline-filter.php","line":28}

Aug 24 2022 23:10:49
{"type":8192,"message":"Return type of Ai1wm_Recursive_Newline_Filter::accept() should either be compatible with FilterIterator::accept(): bool, or the #[\\ReturnTypeWillChange] attribute should be used to temporarily suppress the notice","file":"C:\\xampp\\htdocs\\singleportfolio\\wp-content\\plugins\\all-in-one-wp-migration\\lib\\vendor\\servmask\\filter\\class-ai1wm-recursive-newline-filter.php","line":28}

Aug 24 2022 23:10:49
{"type":8192,"message":"Return type of Ai1wm_Recursive_Newline_Filter::accept() should either be compatible with FilterIterator::accept(): bool, or the #[\\ReturnTypeWillChange] attribute should be used to temporarily suppress the notice","file":"C:\\xampp\\htdocs\\singleportfolio\\wp-content\\plugins\\all-in-one-wp-migration\\lib\\vendor\\servmask\\filter\\class-ai1wm-recursive-newline-filter.php","line":28}

Aug 24 2022 23:10:59
{"type":8192,"message":"Return type of Ai1wm_Recursive_Newline_Filter::accept() should either be compatible with FilterIterator::accept(): bool, or the #[\\ReturnTypeWillChange] attribute should be used to temporarily suppress the notice","file":"C:\\xampp\\htdocs\\singleportfolio\\wp-content\\plugins\\all-in-one-wp-migration\\lib\\vendor\\servmask\\filter\\class-ai1wm-recursive-newline-filter.php","line":28}

Aug 24 2022 23:10:59
{"type":8192,"message":"Return type of Ai1wm_Recursive_Newline_Filter::accept() should either be compatible with FilterIterator::accept(): bool, or the #[\\ReturnTypeWillChange] attribute should be used to temporarily suppress the notice","file":"C:\\xampp\\htdocs\\singleportfolio\\wp-content\\plugins\\all-in-one-wp-migration\\lib\\vendor\\servmask\\filter\\class-ai1wm-recursive-newline-filter.php","line":28}

Aug 24 2022 23:11:00
{"Number":8192,"Message":"rtrim(): Passing null to parameter #1 ($string) of type string is deprecated","File":"C:\\xampp\\htdocs\\singleportfolio\\wp-includes\\formatting.php","Line":2772}

Aug 24 2022 23:11:00
{"Number":8192,"Message":"rtrim(): Passing null to parameter #1 ($string) of type string is deprecated","File":"C:\\xampp\\htdocs\\singleportfolio\\wp-includes\\formatting.php","Line":2772}

Aug 24 2022 23:11:00
{"Number":8192,"Message":"rtrim(): Passing null to parameter #1 ($string) of type string is deprecated","File":"C:\\xampp\\htdocs\\singleportfolio\\wp-includes\\formatting.php","Line":2772}

Aug 24 2022 23:11:00
{"Number":8192,"Message":"rtrim(): Passing null to parameter #1 ($string) of type string is deprecated","File":"C:\\xampp\\htdocs\\singleportfolio\\wp-includes\\formatting.php","Line":2772}

Aug 24 2022 23:11:00
{"Number":8192,"Message":"rtrim(): Passing null to parameter #1 ($string) of type string is deprecated","File":"C:\\xampp\\htdocs\\singleportfolio\\wp-includes\\formatting.php","Line":2772}

Aug 24 2022 23:11:00
{"Number":8192,"Message":"rtrim(): Passing null to parameter #1 ($string) of type string is deprecated","File":"C:\\xampp\\htdocs\\singleportfolio\\wp-includes\\formatting.php","Line":2772}

Aug 24 2022 23:11:00
{"Number":8192,"Message":"rtrim(): Passing null to parameter #1 ($string) of type string is deprecated","File":"C:\\xampp\\htdocs\\singleportfolio\\wp-includes\\formatting.php","Line":2772}

Aug 24 2022 23:11:00
{"Number":8192,"Message":"rtrim(): Passing null to parameter #1 ($string) of type string is deprecated","File":"C:\\xampp\\htdocs\\singleportfolio\\wp-includes\\formatting.php","Line":2772}

Aug 24 2022 23:11:00
{"Number":8192,"Message":"rtrim(): Passing null to parameter #1 ($string) of type string is deprecated","File":"C:\\xampp\\htdocs\\singleportfolio\\wp-includes\\formatting.php","Line":2772}

Aug 24 2022 23:11:00
{"Number":8192,"Message":"rtrim(): Passing null to parameter #1 ($string) of type string is deprecated","File":"C:\\xampp\\htdocs\\singleportfolio\\wp-includes\\formatting.php","Line":2772}

Aug 24 2022 23:11:00
{"Number":8192,"Message":"rtrim(): Passing null to parameter #1 ($string) of type string is deprecated","File":"C:\\xampp\\htdocs\\singleportfolio\\wp-includes\\formatting.php","Line":2772}

Aug 24 2022 23:11:00
{"Number":8192,"Message":"rtrim(): Passing null to parameter #1 ($string) of type string is deprecated","File":"C:\\xampp\\htdocs\\singleportfolio\\wp-includes\\formatting.php","Line":2772}

Aug 24 2022 23:11:00
{"Number":8192,"Message":"rtrim(): Passing null to parameter #1 ($string) of type string is deprecated","File":"C:\\xampp\\htdocs\\singleportfolio\\wp-includes\\formatting.php","Line":2772}

Aug 24 2022 23:11:00
{"Number":8192,"Message":"rtrim(): Passing null to parameter #1 ($string) of type string is deprecated","File":"C:\\xampp\\htdocs\\singleportfolio\\wp-includes\\formatting.php","Line":2772}

Aug 24 2022 23:11:00
{"Number":8192,"Message":"rtrim(): Passing null to parameter #1 ($string) of type string is deprecated","File":"C:\\xampp\\htdocs\\singleportfolio\\wp-includes\\formatting.php","Line":2772}

Aug 24 2022 23:11:00
{"Number":8192,"Message":"rtrim(): Passing null to parameter #1 ($string) of type string is deprecated","File":"C:\\xampp\\htdocs\\singleportfolio\\wp-includes\\formatting.php","Line":2772}

Aug 24 2022 23:11:00
{"Number":8192,"Message":"rtrim(): Passing null to parameter #1 ($string) of type string is deprecated","File":"C:\\xampp\\htdocs\\singleportfolio\\wp-includes\\formatting.php","Line":2772}

Aug 24 2022 23:11:00
{"Number":8192,"Message":"rtrim(): Passing null to parameter #1 ($string) of type string is deprecated","File":"C:\\xampp\\htdocs\\singleportfolio\\wp-includes\\formatting.php","Line":2772}

Aug 24 2022 23:11:03
{"type":8192,"message":"Return type of Ai1wm_Recursive_Newline_Filter::accept() should either be compatible with FilterIterator::accept(): bool, or the #[\\ReturnTypeWillChange] attribute should be used to temporarily suppress the notice","file":"C:\\xampp\\htdocs\\singleportfolio\\wp-content\\plugins\\all-in-one-wp-migration\\lib\\vendor\\servmask\\filter\\class-ai1wm-recursive-newline-filter.php","line":28}

Aug 24 2022 23:11:04
{"type":8192,"message":"Return type of Requests_Utility_CaseInsensitiveDictionary::getIterator() should either be compatible with IteratorAggregate::getIterator(): Traversable, or the #[\\ReturnTypeWillChange] attribute should be used to temporarily suppress the notice","file":"C:\\xampp\\htdocs\\singleportfolio\\wp-includes\\Requests\\Utility\\CaseInsensitiveDictionary.php","line":91}

Aug 24 2022 23:11:11
{"type":8192,"message":"version_compare(): Passing null to parameter #1 ($version1) of type string is deprecated","file":"C:\\xampp\\htdocs\\singleportfolio\\wp-content\\themes\\portfoliokazi\\inc\\Redux\\ReduxCore\\inc\\class.redux_functions.php","line":203}

